[dvaidhyn@n2698 4]$ export OMP_NUM_THREADS=1
[dvaidhyn@n2698 4]$ mpirun -n 96 -ppn 24 --hosts n2698,n2697,n2696,n2695  ../.././xhpl
================================================================================
HPLinpack 2.2  --  High-Performance Linpack benchmark  --   February 24, 2016
Written by A. Petitet and R. Clint Whaley,  Innovative Computing Laboratory, UTK
Modified by Piotr Luszczek, Innovative Computing Laboratory, UTK
Modified by Julien Langou, University of Colorado Denver
================================================================================

An explanation of the input/output parameters follows:
T/V    : Wall time / encoded variant.
N      : The order of the coefficient matrix A.
NB     : The partitioning blocking factor.
P      : The number of process rows.
Q      : The number of process columns.
Time   : Time in seconds to solve the linear system.
Gflops : Rate of execution for solving the linear system.

The following parameter values will be used:

N      :  163584
NB     :     192
PMAP   : Row-major process mapping
P      :       8
Q      :      12
PFACT  :   Right
NBMIN  :       4
NDIV   :       2
RFACT  :   Crout
BCAST  :  1ringM
DEPTH  :       1
SWAP   : Mix (threshold = 64)
L1     : transposed form
U      : transposed form
EQUIL  : yes
ALIGN  : 8 double precision words

--------------------------------------------------------------------------------

- The matrix A is randomly generated for each test.
- The following scaled residual check will be computed:
      ||Ax-b||_oo / ( eps * ( || x ||_oo * || A ||_oo + || b ||_oo ) * N )
- The relative machine precision (eps) is taken to be               1.110223e-16
- Computational tests pass if scaled residuals are less than                16.0


================================================================================
T/V                N    NB     P     Q               Time                 Gflops
--------------------------------------------------------------------------------
WR11C2R4      163584   192     8    12            1071.93              2.723e+03
HPL_pdgesv() start time Tue Mar 14 07:56:13 2017

HPL_pdgesv() end time   Tue Mar 14 08:14:05 2017

--------------------------------------------------------------------------------
||Ax-b||_oo/(eps*(||A||_oo*||x||_oo+||b||_oo)*N)=        0.0018098 ...... PASSED
================================================================================

Finished      1 tests with the following results:
              1 tests completed and passed residual checks,
              0 tests completed and failed residual checks,
              0 tests skipped because of illegal input values.
--------------------------------------------------------------------------------

End of Tests.
================================================================================
[dvaidhyn@n2698 4]$
